
[2026-01-11 17:29:43.744286] LOGIN ATTEMPT
Raw Username: 'kamrankhancool87@gmail.com' (len: 26)
Stripped Username: 'kamrankhancool87@gmail.com'
Raw Password Length: 9
User found in DB. Password verification: True

[2026-01-11 17:35:15.472387] LOGIN ATTEMPT
Raw Username: 'kamrankhancool87@gmail.com' (len: 26)
Stripped Username: 'kamrankhancool87@gmail.com'
Raw Password Length: 11
User found in DB. Password verification: False

[2026-01-11 17:39:35.728063] ATTEMPT: User='kamrankhancool87@gmail.com' Pass='chalchalein'
RESULT: HASH_CHECK=False

[2026-01-11 18:21:08.856142] ATTEMPT: User='kamrankhancool87@gmail.com' Pass='chalchalein'
RESULT: BYPASS SUCCESS

[2026-01-11 18:21:12.927816] ATTEMPT: User='kamrankhancool87@gmail.com' Pass='chalchalein'
RESULT: BYPASS SUCCESS

[2026-01-11 18:25:11.168911] ATTEMPT: User='kamrankhancool87@gmail.com' Pass='chalchalein'
RESULT: BYPASS SUCCESS

[2026-01-11 18:54:46.173413] ATTEMPT: User='kamrankhancool87@gmail.com' Pass='chalchalein'
[2026-01-11 18:54:46.175075] GOD MODE TRIGGERED: kamrankhancool87@gmail.com

[2026-01-11 19:06:34.013059] ATTEMPT: User='kamrankhancool87@gamil.com' Pass='chalchalein'
RESULT: USER NOT FOUND

[2026-01-11 19:06:44.721240] ATTEMPT: User='kamrankhancool87@gamil.com' Pass='chalchalein'
RESULT: USER NOT FOUND

[2026-01-11 19:06:45.894145] ATTEMPT: User='kamrankhancool87@gamil.com' Pass='chalchalein'
RESULT: USER NOT FOUND

[2026-01-11 19:06:46.433694] ATTEMPT: User='kamrankhancool87@gamil.com' Pass='chalchalein'
RESULT: USER NOT FOUND

[2026-01-11 19:06:46.927629] ATTEMPT: User='kamrankhancool87@gamil.com' Pass='chalchalein'
RESULT: USER NOT FOUND

[2026-01-11 19:06:47.402771] ATTEMPT: User='kamrankhancool87@gamil.com' Pass='chalchalein'
RESULT: USER NOT FOUND

[2026-01-11 19:06:47.883567] ATTEMPT: User='kamrankhancool87@gamil.com' Pass='chalchalein'
RESULT: USER NOT FOUND

[2026-01-11 19:06:48.633116] ATTEMPT: User='kamrankhancool87@gamil.com' Pass='chalchalein'
RESULT: USER NOT FOUND

[2026-01-11 19:06:52.590129] ATTEMPT: User='kamrankhancool87@gamil.com' Pass='chalchalein'
RESULT: USER NOT FOUND

[2026-01-11 19:10:19.352997] ATTEMPT: User='kamrankhancool87@gmail.com' Pass='chalchalein'
[2026-01-11 19:10:19.355466] GOD MODE TRIGGERED: kamrankhancool87@gmail.com

[2026-01-11 19:13:53.762193] ATTEMPT: User='kamrankhancool87@gmail.com' Pass='chalchalein'
[2026-01-11 19:13:53.763616] GOD MODE TRIGGERED: kamrankhancool87@gmail.com
